<?xml version="1.0" encoding="UTF-8"?>
<!-- Generated by org.testng.reporters.JUnitReportReporter -->
<testsuite hostname="LAPTOP-2HGBSJMG" failures="0" tests="1" name="com.qa.testcases.Recruitement_Add_candidates_002" time="11.919" errors="0" timestamp="12 Oct 2021 10:04:45 GMT" skipped="0">
  <testcase classname="com.qa.testcases.Recruitement_Add_candidates_002" name="addCandidateTest" time="11.919"/>
</testsuite> <!-- com.qa.testcases.Recruitement_Add_candidates_002 -->
