<?xml version="1.0" encoding="UTF-8"?>
<!-- Generated by org.testng.reporters.JUnitReportReporter -->
<testsuite hostname="LAPTOP-2HGBSJMG" failures="0" tests="2" name="com.qa.testcases.LoginTest_001" time="7.185" errors="0" timestamp="12 Oct 2021 10:04:45 GMT" skipped="0">
  <testcase classname="com.qa.testcases.LoginTest_001" name="headerTest" time="0.290"/>
  <testcase classname="com.qa.testcases.LoginTest_001" name="loginTest" time="6.895"/>
</testsuite> <!-- com.qa.testcases.LoginTest_001 -->
